2025-12-16T03:34:55.229348+00:00 INFO 'ansible_navigator.setup_logger' New ansible-navigator instance, logging initialized
2025-12-16T03:34:55.229597+00:00 INFO 'ansible_navigator.setup_logger' New ansible-runner instance, logging initialized
2025-12-16T03:34:55.229622+00:00 DEBUG 'ansible_navigator.main' Jinja2==3.1.6 
2025-12-16T03:34:55.229638+00:00 DEBUG 'ansible_navigator.main' MarkupSafe==3.0.2 
2025-12-16T03:34:55.229648+00:00 DEBUG 'ansible_navigator.main' Parsley==1.3 
2025-12-16T03:34:55.229659+00:00 DEBUG 'ansible_navigator.main' PyYAML==6.0.2 
2025-12-16T03:34:55.229668+00:00 DEBUG 'ansible_navigator.main' ansible-builder==3.1.0 
2025-12-16T03:34:55.229676+00:00 DEBUG 'ansible_navigator.main' ansible-compat==25.8.1 
2025-12-16T03:34:55.229685+00:00 DEBUG 'ansible_navigator.main' ansible-core==2.19.1 
2025-12-16T03:34:55.229692+00:00 DEBUG 'ansible_navigator.main' ansible-lint==25.8.2 
2025-12-16T03:34:55.229700+00:00 DEBUG 'ansible_navigator.main' ansible-navigator==25.8.0 
2025-12-16T03:34:55.229708+00:00 DEBUG 'ansible_navigator.main' ansible-runner==2.4.1 
2025-12-16T03:34:55.229716+00:00 DEBUG 'ansible_navigator.main' attrs==25.3.0 /Users/abenavid/.local/pipx/venvs/ansible-navigator/lib/python3.13/site-packages/attrs/__init__.py
2025-12-16T03:34:55.229723+00:00 DEBUG 'ansible_navigator.main' bindep==2.13.0 /Users/abenavid/.local/pipx/venvs/ansible-navigator/lib/python3.13/site-packages/bindep/__init__.py
2025-12-16T03:34:55.229731+00:00 DEBUG 'ansible_navigator.main' black==25.1.0 /Users/abenavid/.local/pipx/venvs/ansible-navigator/lib/python3.13/site-packages/black/__init__.cpython-313-darwin.so
2025-12-16T03:34:55.229738+00:00 DEBUG 'ansible_navigator.main' bracex==2.6 /Users/abenavid/.local/pipx/venvs/ansible-navigator/lib/python3.13/site-packages/bracex/__init__.py
2025-12-16T03:34:55.229746+00:00 DEBUG 'ansible_navigator.main' cffi==1.17.1 /Users/abenavid/.local/pipx/venvs/ansible-navigator/lib/python3.13/site-packages/cffi/__init__.py
2025-12-16T03:34:55.229754+00:00 DEBUG 'ansible_navigator.main' click==8.2.1 /Users/abenavid/.local/pipx/venvs/ansible-navigator/lib/python3.13/site-packages/click/__init__.py
2025-12-16T03:34:55.229762+00:00 DEBUG 'ansible_navigator.main' cryptography==45.0.7 /Users/abenavid/.local/pipx/venvs/ansible-navigator/lib/python3.13/site-packages/cryptography/__init__.py
2025-12-16T03:34:55.229769+00:00 DEBUG 'ansible_navigator.main' distro==1.9.0 /Users/abenavid/.local/pipx/venvs/ansible-navigator/lib/python3.13/site-packages/distro/__init__.py
2025-12-16T03:34:55.229776+00:00 DEBUG 'ansible_navigator.main' filelock==3.19.1 /Users/abenavid/.local/pipx/venvs/ansible-navigator/lib/python3.13/site-packages/filelock/__init__.py
2025-12-16T03:34:55.229783+00:00 DEBUG 'ansible_navigator.main' importlib_metadata==8.7.0 /Users/abenavid/.local/pipx/venvs/ansible-navigator/lib/python3.13/site-packages/importlib_metadata/__init__.py
2025-12-16T03:34:55.229791+00:00 DEBUG 'ansible_navigator.main' jsonschema-specifications==2025.4.1 
2025-12-16T03:34:55.229799+00:00 DEBUG 'ansible_navigator.main' jsonschema==4.25.1 /Users/abenavid/.local/pipx/venvs/ansible-navigator/lib/python3.13/site-packages/jsonschema/__init__.py
2025-12-16T03:34:55.229806+00:00 DEBUG 'ansible_navigator.main' lockfile==0.12.2 /Users/abenavid/.local/pipx/venvs/ansible-navigator/lib/python3.13/site-packages/lockfile/__init__.py
2025-12-16T03:34:55.229814+00:00 DEBUG 'ansible_navigator.main' mypy_extensions==1.1.0 /Users/abenavid/.local/pipx/venvs/ansible-navigator/lib/python3.13/site-packages/mypy_extensions.py
2025-12-16T03:34:55.229822+00:00 DEBUG 'ansible_navigator.main' onigurumacffi==1.4.1 /Users/abenavid/.local/pipx/venvs/ansible-navigator/lib/python3.13/site-packages/onigurumacffi.py
2025-12-16T03:34:55.229830+00:00 DEBUG 'ansible_navigator.main' packaging==25.0 /Users/abenavid/.local/pipx/venvs/ansible-navigator/lib/python3.13/site-packages/packaging/__init__.py
2025-12-16T03:34:55.229837+00:00 DEBUG 'ansible_navigator.main' pathspec==0.12.1 /Users/abenavid/.local/pipx/venvs/ansible-navigator/lib/python3.13/site-packages/pathspec/__init__.py
2025-12-16T03:34:55.229848+00:00 DEBUG 'ansible_navigator.main' pbr==7.0.1 /Users/abenavid/.local/pipx/venvs/ansible-navigator/lib/python3.13/site-packages/pbr/__init__.py
2025-12-16T03:34:55.229855+00:00 DEBUG 'ansible_navigator.main' pexpect==4.9.0 /Users/abenavid/.local/pipx/venvs/ansible-navigator/lib/python3.13/site-packages/pexpect/__init__.py
2025-12-16T03:34:55.229863+00:00 DEBUG 'ansible_navigator.main' pip==25.2 /Users/abenavid/.local/pipx/shared/lib/python3.13/site-packages/pip/__init__.py
2025-12-16T03:34:55.229869+00:00 DEBUG 'ansible_navigator.main' platformdirs==4.4.0 /Users/abenavid/.local/pipx/venvs/ansible-navigator/lib/python3.13/site-packages/platformdirs/__init__.py
2025-12-16T03:34:55.229876+00:00 DEBUG 'ansible_navigator.main' ptyprocess==0.7.0 /Users/abenavid/.local/pipx/venvs/ansible-navigator/lib/python3.13/site-packages/ptyprocess/__init__.py
2025-12-16T03:34:55.229883+00:00 DEBUG 'ansible_navigator.main' pycparser==2.22 /Users/abenavid/.local/pipx/venvs/ansible-navigator/lib/python3.13/site-packages/pycparser/__init__.py
2025-12-16T03:34:55.229889+00:00 DEBUG 'ansible_navigator.main' python-daemon==3.1.2 
2025-12-16T03:34:55.229896+00:00 DEBUG 'ansible_navigator.main' referencing==0.36.2 /Users/abenavid/.local/pipx/venvs/ansible-navigator/lib/python3.13/site-packages/referencing/__init__.py
2025-12-16T03:34:55.229903+00:00 DEBUG 'ansible_navigator.main' resolvelib==1.2.0 /Users/abenavid/.local/pipx/venvs/ansible-navigator/lib/python3.13/site-packages/resolvelib/__init__.py
2025-12-16T03:34:55.229909+00:00 DEBUG 'ansible_navigator.main' rpds-py==0.27.1 
2025-12-16T03:34:55.229916+00:00 DEBUG 'ansible_navigator.main' ruamel.yaml.clib==0.2.12 
2025-12-16T03:34:55.229922+00:00 DEBUG 'ansible_navigator.main' ruamel.yaml==0.18.15 /Users/abenavid/.local/pipx/venvs/ansible-navigator/lib/python3.13/site-packages/ruamel/yaml/__init__.py
2025-12-16T03:34:55.229927+00:00 DEBUG 'ansible_navigator.main' setuptools==80.9.0 /Users/abenavid/.local/pipx/venvs/ansible-navigator/lib/python3.13/site-packages/setuptools/__init__.py
2025-12-16T03:34:55.229933+00:00 DEBUG 'ansible_navigator.main' subprocess-tee==0.4.2 
2025-12-16T03:34:55.229939+00:00 DEBUG 'ansible_navigator.main' tzdata==2025.2 /Users/abenavid/.local/pipx/venvs/ansible-navigator/lib/python3.13/site-packages/tzdata/__init__.py
2025-12-16T03:34:55.229945+00:00 DEBUG 'ansible_navigator.main' wcmatch==10.1 /Users/abenavid/.local/pipx/venvs/ansible-navigator/lib/python3.13/site-packages/wcmatch/__init__.py
2025-12-16T03:34:55.229951+00:00 DEBUG 'ansible_navigator.main' yamllint==1.37.1 /Users/abenavid/.local/pipx/venvs/ansible-navigator/lib/python3.13/site-packages/yamllint/__init__.py
2025-12-16T03:34:55.229957+00:00 DEBUG 'ansible_navigator.main' zipp==3.23.0 /Users/abenavid/.local/pipx/venvs/ansible-navigator/lib/python3.13/site-packages/zipp/__init__.py
2025-12-16T03:34:55.229962+00:00 DEBUG 'ansible_navigator.main' Default collection_doc_cache_path set to: /Users/abenavid/.cache/ansible-navigator/collection_doc_cache.db
2025-12-16T03:34:55.229968+00:00 DEBUG 'ansible_navigator.main' EDITOR environment variable not set
2025-12-16T03:34:55.229974+00:00 DEBUG 'ansible_navigator.main' Default editor_command set to: vi +{line_number} {filename}
2025-12-16T03:34:55.229980+00:00 DEBUG 'ansible_navigator.main' No config file set by ANSIBLE_NAVIGATOR_CONFIG
2025-12-16T03:34:55.229985+00:00 DEBUG 'ansible_navigator.main' Looking in /Users/abenavid/.ansible-navigator
2025-12-16T03:34:55.229991+00:00 DEBUG 'ansible_navigator.main' Looking for '/Users/abenavid/.ansible-navigator.yml', '/Users/abenavid/.ansible-navigator.yaml' and '/Users/abenavid/.ansible-navigator.json'
2025-12-16T03:34:55.229996+00:00 DEBUG 'ansible_navigator.main' Found 0: 
2025-12-16T03:34:55.230002+00:00 DEBUG 'ansible_navigator.main' Looking in /Users/abenavid/Documents/code/ansible/jumpstarter-ansible/ansible_collections/jumpstarter/jumpstarter/roles/ansible-navigator
2025-12-16T03:34:55.230008+00:00 DEBUG 'ansible_navigator.main' Looking for '/Users/abenavid/Documents/code/ansible/jumpstarter-ansible/ansible_collections/jumpstarter/jumpstarter/roles/ansible-navigator.yml', '/Users/abenavid/Documents/code/ansible/jumpstarter-ansible/ansible_collections/jumpstarter/jumpstarter/roles/ansible-navigator.yaml' and '/Users/abenavid/Documents/code/ansible/jumpstarter-ansible/ansible_collections/jumpstarter/jumpstarter/roles/ansible-navigator.json'
2025-12-16T03:34:55.230020+00:00 DEBUG 'ansible_navigator.main' Found 0: 
2025-12-16T03:34:55.230026+00:00 DEBUG 'ansible_navigator.main' All found 0: 
2025-12-16T03:34:55.230032+00:00 DEBUG 'ansible_navigator.main' Using: None
2025-12-16T03:34:55.230038+00:00 DEBUG 'ansible_navigator.main' No valid settings file found, using all default values for settings.
2025-12-16T03:34:55.230044+00:00 DEBUG 'ansible_navigator.main' Command provided: 'run playbooks/test_collect_diagnostics_mock.yml --eei localhost/jumpstarter-ee:v1 --mode stdout --pae false --eev /Users/abenavid/Documents/code/ansible/jumpstarter-ansible/ansible_collections/jumpstarter/jumpstarter/roles/ansible_collections:/usr/share/ansible/collections/ansible_collections:Z -v'
2025-12-16T03:34:55.230050+00:00 DEBUG 'ansible_navigator.main' EE support enabled: using current working directory for 'ansible.cfg'
2025-12-16T03:34:55.230055+00:00 INFO 'ansible_navigator.main' EE support enabled: no 'ansible.cfg' found in current working directory. Tried /Users/abenavid/Documents/code/ansible/jumpstarter-ansible/ansible_collections/jumpstarter/jumpstarter/roles/ansible.cfg
2025-12-16T03:34:55.230061+00:00 DEBUG 'ansible_navigator.main' Completed post processing for ansible_runner_artifact_dir. (changed=False)
2025-12-16T03:34:55.230067+00:00 DEBUG 'ansible_navigator.main' Completed post processing for ansible_runner_rotate_artifacts_count. (changed=False)
2025-12-16T03:34:55.230072+00:00 DEBUG 'ansible_navigator.main' Completed post processing for ansible_runner_timeout. (changed=False)
2025-12-16T03:34:55.230078+00:00 DEBUG 'ansible_navigator.main' Completed post processing for cmdline. (changed=False)
2025-12-16T03:34:55.230083+00:00 DEBUG 'ansible_navigator.main' Completed post processing for collection_doc_cache_path. (changed=False)
2025-12-16T03:34:55.230089+00:00 DEBUG 'ansible_navigator.main' Completed post processing for config. (changed=False)
2025-12-16T03:34:55.230094+00:00 DEBUG 'ansible_navigator.main' Completed post processing for config. (changed=False)
2025-12-16T03:34:55.230100+00:00 DEBUG 'ansible_navigator.main' Completed post processing for container_engine. (changed=True)
2025-12-16T03:34:55.230106+00:00 DEBUG 'ansible_navigator.main'  before: 'auto'
2025-12-16T03:34:55.230111+00:00 DEBUG 'ansible_navigator.main'  after: 'podman'
2025-12-16T03:34:55.230117+00:00 DEBUG 'ansible_navigator.main' Completed post processing for container_options. (changed=False)
2025-12-16T03:34:55.230122+00:00 DEBUG 'ansible_navigator.main' Completed post processing for display_color. (changed=False)
2025-12-16T03:34:55.230128+00:00 DEBUG 'ansible_navigator.main' Completed post processing for enable_prompts. (changed=False)
2025-12-16T03:34:55.230133+00:00 DEBUG 'ansible_navigator.main' Completed post processing for execution_environment. (changed=False)
2025-12-16T03:34:55.230139+00:00 DEBUG 'ansible_navigator.main' Completed post processing for execution_environment_image. (changed=False)
2025-12-16T03:34:55.230144+00:00 DEBUG 'ansible_navigator.main' Completed post processing for help_builder. (changed=False)
2025-12-16T03:34:55.230149+00:00 DEBUG 'ansible_navigator.main' Completed post processing for help_config. (changed=False)
2025-12-16T03:34:55.230155+00:00 DEBUG 'ansible_navigator.main' Completed post processing for help_doc. (changed=False)
2025-12-16T03:34:55.230160+00:00 DEBUG 'ansible_navigator.main' Completed post processing for help_inventory. (changed=False)
2025-12-16T03:34:55.230166+00:00 DEBUG 'ansible_navigator.main' Completed post processing for help_playbook. (changed=False)
2025-12-16T03:34:55.230171+00:00 DEBUG 'ansible_navigator.main' Completed post processing for images_details. (changed=False)
2025-12-16T03:34:55.230179+00:00 DEBUG 'ansible_navigator.main' Completed post processing for inventory. (changed=False)
2025-12-16T03:34:55.230185+00:00 DEBUG 'ansible_navigator.main' Completed post processing for inventory_column. (changed=False)
2025-12-16T03:34:55.230190+00:00 DEBUG 'ansible_navigator.main' Completed post processing for log_file. (changed=False)
2025-12-16T03:34:55.230196+00:00 DEBUG 'ansible_navigator.main' Completed post processing for pass_environment_variable. (changed=False)
2025-12-16T03:34:55.230201+00:00 DEBUG 'ansible_navigator.main' Completed post processing for playbook. (changed=False)
2025-12-16T03:34:55.230207+00:00 DEBUG 'ansible_navigator.main' Completed post processing for playbook_artifact_replay. (changed=False)
2025-12-16T03:34:55.230212+00:00 DEBUG 'ansible_navigator.main' Completed post processing for playbook_artifact_save_as. (changed=False)
2025-12-16T03:34:55.230218+00:00 DEBUG 'ansible_navigator.main' Completed post processing for plugin_name. (changed=False)
2025-12-16T03:34:55.230223+00:00 DEBUG 'ansible_navigator.main' Completed post processing for pull_arguments. (changed=False)
2025-12-16T03:34:55.230229+00:00 DEBUG 'ansible_navigator.main' Completed post processing for set_environment_variable. (changed=False)
2025-12-16T03:34:55.230234+00:00 DEBUG 'ansible_navigator.main' Completed post processing for settings_effective. (changed=False)
2025-12-16T03:34:55.230239+00:00 DEBUG 'ansible_navigator.main' Completed post processing for settings_sample. (changed=False)
2025-12-16T03:34:55.230245+00:00 DEBUG 'ansible_navigator.main' Completed post processing for settings_schema. (changed=False)
2025-12-16T03:34:55.230250+00:00 DEBUG 'ansible_navigator.main' Completed post processing for settings_sources. (changed=False)
2025-12-16T03:34:55.230256+00:00 DEBUG 'ansible_navigator.main' Completed post processing for time_zone. (changed=False)
2025-12-16T03:34:55.230261+00:00 DEBUG 'ansible_navigator.main' Completed post processing for execution_environment_volume_mounts. (changed=False)
2025-12-16T03:34:55.230267+00:00 DEBUG 'ansible_navigator.main' Completed post processing for mode. (changed=False)
2025-12-16T03:34:55.230272+00:00 DEBUG 'ansible_navigator.main' Completed post processing for playbook_artifact_enable. (changed=True)
2025-12-16T03:34:55.230277+00:00 DEBUG 'ansible_navigator.main'  before: 'false'
2025-12-16T03:34:55.230283+00:00 DEBUG 'ansible_navigator.main'  after: 'False'
2025-12-16T03:34:55.230289+00:00 WARNING 'ansible_navigator.main' Configuration errors encountered, rolling back to previous configuration.
2025-12-16T03:34:55.230295+00:00 DEBUG 'ansible_navigator.main' Prior to rollback: ansible_runner_artifact_dir = 'Not set' (Constants/Not set)
2025-12-16T03:34:55.230300+00:00 DEBUG 'ansible_navigator.main' Prior to rollback: ansible_runner_rotate_artifacts_count = 'Not set' (Constants/Not set)
2025-12-16T03:34:55.230306+00:00 DEBUG 'ansible_navigator.main' Prior to rollback: ansible_runner_timeout = 'Not set' (Constants/Not set)
2025-12-16T03:34:55.230311+00:00 DEBUG 'ansible_navigator.main' Prior to rollback: ansible_runner_write_job_events = 'False' (bool/Defaults)
2025-12-16T03:34:55.230317+00:00 DEBUG 'ansible_navigator.main' Prior to rollback: app = 'run' (str/Command line)
2025-12-16T03:34:55.230322+00:00 DEBUG 'ansible_navigator.main' Prior to rollback: cmdline = '['-v']' (list/Command line)
2025-12-16T03:34:55.230328+00:00 DEBUG 'ansible_navigator.main' Prior to rollback: collection_doc_cache_path = '/Users/abenavid/.cache/ansible-navigator/collection_doc_cache.db' (str/Defaults)
2025-12-16T03:34:55.230333+00:00 DEBUG 'ansible_navigator.main' Prior to rollback: config = 'Not set' (Constants/Not set)
2025-12-16T03:34:55.230339+00:00 DEBUG 'ansible_navigator.main' Prior to rollback: container_engine = 'podman' (str/Automatically determined)
2025-12-16T03:34:55.230344+00:00 DEBUG 'ansible_navigator.main' Prior to rollback: container_options = 'Not set' (Constants/Not set)
2025-12-16T03:34:55.230350+00:00 DEBUG 'ansible_navigator.main' Prior to rollback: display_color = 'True' (bool/Defaults)
2025-12-16T03:34:55.230360+00:00 DEBUG 'ansible_navigator.main' Prior to rollback: editor_command = 'vi +{line_number} {filename}' (str/Defaults)
2025-12-16T03:34:55.230365+00:00 DEBUG 'ansible_navigator.main' Prior to rollback: editor_console = 'True' (bool/Defaults)
2025-12-16T03:34:55.230371+00:00 DEBUG 'ansible_navigator.main' Prior to rollback: enable_prompts = 'False' (bool/Defaults)
2025-12-16T03:34:55.230376+00:00 DEBUG 'ansible_navigator.main' Prior to rollback: exec_command = '/bin/bash' (str/Defaults)
2025-12-16T03:34:55.230382+00:00 DEBUG 'ansible_navigator.main' Prior to rollback: exec_shell = 'True' (bool/Defaults)
2025-12-16T03:34:55.230387+00:00 DEBUG 'ansible_navigator.main' Prior to rollback: execution_environment = 'True' (bool/Defaults)
2025-12-16T03:34:55.230393+00:00 DEBUG 'ansible_navigator.main' Prior to rollback: execution_environment_image = 'localhost/jumpstarter-ee:v1' (str/Command line)
2025-12-16T03:34:55.230398+00:00 DEBUG 'ansible_navigator.main' Prior to rollback: execution_environment_volume_mounts = '[['/Users/abenavid/Documents/code/ansible/jumpstarter-ansible/ansible_collections/jumpstarter/jumpstarter/roles/ansible_collections:/usr/share/ansible/collections/ansible_collections:Z']]' (list/Command line)
2025-12-16T03:34:55.230404+00:00 DEBUG 'ansible_navigator.main' Prior to rollback: format = 'yaml' (str/Defaults)
2025-12-16T03:34:55.230410+00:00 DEBUG 'ansible_navigator.main' Prior to rollback: help_builder = 'False' (bool/Defaults)
2025-12-16T03:34:55.230415+00:00 DEBUG 'ansible_navigator.main' Prior to rollback: help_config = 'False' (bool/Defaults)
2025-12-16T03:34:55.230420+00:00 DEBUG 'ansible_navigator.main' Prior to rollback: help_doc = 'False' (bool/Defaults)
2025-12-16T03:34:55.230426+00:00 DEBUG 'ansible_navigator.main' Prior to rollback: help_inventory = 'False' (bool/Defaults)
2025-12-16T03:34:55.230431+00:00 DEBUG 'ansible_navigator.main' Prior to rollback: help_playbook = 'False' (bool/Defaults)
2025-12-16T03:34:55.230437+00:00 DEBUG 'ansible_navigator.main' Prior to rollback: images_details = '['everything']' (list/Defaults)
2025-12-16T03:34:55.230442+00:00 DEBUG 'ansible_navigator.main' Prior to rollback: inventory = 'Not set' (Constants/Not set)
2025-12-16T03:34:55.230448+00:00 DEBUG 'ansible_navigator.main' Prior to rollback: inventory_column = 'Not set' (Constants/Not set)
2025-12-16T03:34:55.230453+00:00 DEBUG 'ansible_navigator.main' Prior to rollback: lint_config = 'Not set' (Constants/Not set)
2025-12-16T03:34:55.230458+00:00 DEBUG 'ansible_navigator.main' Prior to rollback: lintables = 'Not set' (Constants/Not set)
2025-12-16T03:34:55.230464+00:00 DEBUG 'ansible_navigator.main' Prior to rollback: log_append = 'True' (bool/Defaults)
2025-12-16T03:34:55.230469+00:00 DEBUG 'ansible_navigator.main' Prior to rollback: log_file = '/Users/abenavid/Documents/code/ansible/jumpstarter-ansible/ansible_collections/jumpstarter/jumpstarter/roles/ansible-navigator.log' (str/Defaults)
2025-12-16T03:34:55.230475+00:00 DEBUG 'ansible_navigator.main' Prior to rollback: log_level = 'warning' (str/Defaults)
2025-12-16T03:34:55.230480+00:00 DEBUG 'ansible_navigator.main' Prior to rollback: mode = 'stdout' (str/Command line)
2025-12-16T03:34:55.230486+00:00 DEBUG 'ansible_navigator.main' Prior to rollback: osc4 = 'True' (bool/Defaults)
2025-12-16T03:34:55.230491+00:00 DEBUG 'ansible_navigator.main' Prior to rollback: pass_environment_variable = 'Not set' (Constants/Not set)
2025-12-16T03:34:55.230496+00:00 DEBUG 'ansible_navigator.main' Prior to rollback: playbook = 'playbooks/test_collect_diagnostics_mock.yml' (str/Command line)
2025-12-16T03:34:55.230502+00:00 DEBUG 'ansible_navigator.main' Prior to rollback: playbook_artifact_enable = 'False' (bool/Command line)
2025-12-16T03:34:55.230507+00:00 DEBUG 'ansible_navigator.main' Prior to rollback: playbook_artifact_replay = 'Not set' (Constants/Not set)
2025-12-16T03:34:55.230513+00:00 DEBUG 'ansible_navigator.main' Prior to rollback: playbook_artifact_save_as = '{playbook_dir}/{playbook_name}-artifact-{time_stamp}.json' (str/Defaults)
2025-12-16T03:34:55.230520+00:00 DEBUG 'ansible_navigator.main' Prior to rollback: plugin_name = 'Not set' (Constants/Not set)
2025-12-16T03:34:55.230526+00:00 DEBUG 'ansible_navigator.main' Prior to rollback: plugin_type = 'module' (str/Defaults)
2025-12-16T03:34:55.230531+00:00 DEBUG 'ansible_navigator.main' Prior to rollback: pull_arguments = 'Not set' (Constants/Not set)
2025-12-16T03:34:55.230537+00:00 DEBUG 'ansible_navigator.main' Prior to rollback: pull_policy = 'tag' (str/Defaults)
2025-12-16T03:34:55.230542+00:00 DEBUG 'ansible_navigator.main' Prior to rollback: set_environment_variable = 'Not set' (Constants/Not set)
2025-12-16T03:34:55.230548+00:00 DEBUG 'ansible_navigator.main' Prior to rollback: settings_effective = 'False' (bool/Defaults)
2025-12-16T03:34:55.230553+00:00 DEBUG 'ansible_navigator.main' Prior to rollback: settings_sample = 'False' (bool/Defaults)
2025-12-16T03:34:55.230558+00:00 DEBUG 'ansible_navigator.main' Prior to rollback: settings_schema = 'json' (str/Defaults)
2025-12-16T03:34:55.230564+00:00 DEBUG 'ansible_navigator.main' Prior to rollback: settings_sources = 'False' (bool/Defaults)
2025-12-16T03:34:55.230569+00:00 DEBUG 'ansible_navigator.main' Prior to rollback: time_zone = 'UTC' (str/Defaults)
2025-12-16T03:34:55.230575+00:00 DEBUG 'ansible_navigator.main' Prior to rollback: workdir = '/Users/abenavid/Documents/code/ansible/jumpstarter-ansible/ansible_collections/jumpstarter/jumpstarter/roles' (str/Defaults)
2025-12-16T03:34:55.230580+00:00 DEBUG 'ansible_navigator.main' After rollback: ansible_runner_artifact_dir = 'Not set' (Constants/Not set)
2025-12-16T03:34:55.230586+00:00 DEBUG 'ansible_navigator.main' After rollback: ansible_runner_rotate_artifacts_count = 'Not set' (Constants/Not set)
2025-12-16T03:34:55.230591+00:00 DEBUG 'ansible_navigator.main' After rollback: ansible_runner_timeout = 'Not set' (Constants/Not set)
2025-12-16T03:34:55.230597+00:00 DEBUG 'ansible_navigator.main' After rollback: ansible_runner_write_job_events = 'Not set' (Constants/Not set)
2025-12-16T03:34:55.230602+00:00 DEBUG 'ansible_navigator.main' After rollback: app = 'Not set' (Constants/Not set)
2025-12-16T03:34:55.230608+00:00 DEBUG 'ansible_navigator.main' After rollback: cmdline = 'Not set' (Constants/Not set)
2025-12-16T03:34:55.230613+00:00 DEBUG 'ansible_navigator.main' After rollback: collection_doc_cache_path = 'Not set' (Constants/Not set)
2025-12-16T03:34:55.230619+00:00 DEBUG 'ansible_navigator.main' After rollback: config = 'Not set' (Constants/Not set)
2025-12-16T03:34:55.230624+00:00 DEBUG 'ansible_navigator.main' After rollback: container_engine = 'Not set' (Constants/Not set)
2025-12-16T03:34:55.230629+00:00 DEBUG 'ansible_navigator.main' After rollback: container_options = 'Not set' (Constants/Not set)
2025-12-16T03:34:55.230635+00:00 DEBUG 'ansible_navigator.main' After rollback: display_color = 'Not set' (Constants/Not set)
2025-12-16T03:34:55.230640+00:00 DEBUG 'ansible_navigator.main' After rollback: editor_command = 'Not set' (Constants/Not set)
2025-12-16T03:34:55.230646+00:00 DEBUG 'ansible_navigator.main' After rollback: editor_console = 'Not set' (Constants/Not set)
2025-12-16T03:34:55.230651+00:00 DEBUG 'ansible_navigator.main' After rollback: enable_prompts = 'Not set' (Constants/Not set)
2025-12-16T03:34:55.230657+00:00 DEBUG 'ansible_navigator.main' After rollback: exec_command = 'Not set' (Constants/Not set)
2025-12-16T03:34:55.230662+00:00 DEBUG 'ansible_navigator.main' After rollback: exec_shell = 'Not set' (Constants/Not set)
2025-12-16T03:34:55.230667+00:00 DEBUG 'ansible_navigator.main' After rollback: execution_environment = 'Not set' (Constants/Not set)
2025-12-16T03:34:55.230673+00:00 DEBUG 'ansible_navigator.main' After rollback: execution_environment_image = 'Not set' (Constants/Not set)
2025-12-16T03:34:55.230678+00:00 DEBUG 'ansible_navigator.main' After rollback: execution_environment_volume_mounts = 'Not set' (Constants/Not set)
2025-12-16T03:34:55.230684+00:00 DEBUG 'ansible_navigator.main' After rollback: format = 'Not set' (Constants/Not set)
2025-12-16T03:34:55.230691+00:00 DEBUG 'ansible_navigator.main' After rollback: help_builder = 'Not set' (Constants/Not set)
2025-12-16T03:34:55.230697+00:00 DEBUG 'ansible_navigator.main' After rollback: help_config = 'Not set' (Constants/Not set)
2025-12-16T03:34:55.230702+00:00 DEBUG 'ansible_navigator.main' After rollback: help_doc = 'Not set' (Constants/Not set)
2025-12-16T03:34:55.230707+00:00 DEBUG 'ansible_navigator.main' After rollback: help_inventory = 'Not set' (Constants/Not set)
2025-12-16T03:34:55.230713+00:00 DEBUG 'ansible_navigator.main' After rollback: help_playbook = 'Not set' (Constants/Not set)
2025-12-16T03:34:55.230718+00:00 DEBUG 'ansible_navigator.main' After rollback: images_details = 'Not set' (Constants/Not set)
2025-12-16T03:34:55.230724+00:00 DEBUG 'ansible_navigator.main' After rollback: inventory = 'Not set' (Constants/Not set)
2025-12-16T03:34:55.230729+00:00 DEBUG 'ansible_navigator.main' After rollback: inventory_column = 'Not set' (Constants/Not set)
2025-12-16T03:34:55.230734+00:00 DEBUG 'ansible_navigator.main' After rollback: lint_config = 'Not set' (Constants/Not set)
2025-12-16T03:34:55.230740+00:00 DEBUG 'ansible_navigator.main' After rollback: lintables = 'Not set' (Constants/Not set)
2025-12-16T03:34:55.230745+00:00 DEBUG 'ansible_navigator.main' After rollback: log_append = 'Not set' (Constants/Not set)
2025-12-16T03:34:55.230751+00:00 DEBUG 'ansible_navigator.main' After rollback: log_file = 'Not set' (Constants/Not set)
2025-12-16T03:34:55.230756+00:00 DEBUG 'ansible_navigator.main' After rollback: log_level = 'Not set' (Constants/Not set)
2025-12-16T03:34:55.230761+00:00 DEBUG 'ansible_navigator.main' After rollback: mode = 'Not set' (Constants/Not set)
2025-12-16T03:34:55.230767+00:00 DEBUG 'ansible_navigator.main' After rollback: osc4 = 'Not set' (Constants/Not set)
2025-12-16T03:34:55.230772+00:00 DEBUG 'ansible_navigator.main' After rollback: pass_environment_variable = 'Not set' (Constants/Not set)
2025-12-16T03:34:55.230777+00:00 DEBUG 'ansible_navigator.main' After rollback: playbook = 'Not set' (Constants/Not set)
2025-12-16T03:34:55.230783+00:00 DEBUG 'ansible_navigator.main' After rollback: playbook_artifact_enable = 'Not set' (Constants/Not set)
2025-12-16T03:34:55.230788+00:00 DEBUG 'ansible_navigator.main' After rollback: playbook_artifact_replay = 'Not set' (Constants/Not set)
2025-12-16T03:34:55.230794+00:00 DEBUG 'ansible_navigator.main' After rollback: playbook_artifact_save_as = 'Not set' (Constants/Not set)
2025-12-16T03:34:55.230799+00:00 DEBUG 'ansible_navigator.main' After rollback: plugin_name = 'Not set' (Constants/Not set)
2025-12-16T03:34:55.230805+00:00 DEBUG 'ansible_navigator.main' After rollback: plugin_type = 'Not set' (Constants/Not set)
2025-12-16T03:34:55.230810+00:00 DEBUG 'ansible_navigator.main' After rollback: pull_arguments = 'Not set' (Constants/Not set)
2025-12-16T03:34:55.230815+00:00 DEBUG 'ansible_navigator.main' After rollback: pull_policy = 'Not set' (Constants/Not set)
2025-12-16T03:34:55.230821+00:00 DEBUG 'ansible_navigator.main' After rollback: set_environment_variable = 'Not set' (Constants/Not set)
2025-12-16T03:34:55.230826+00:00 DEBUG 'ansible_navigator.main' After rollback: settings_effective = 'Not set' (Constants/Not set)
2025-12-16T03:34:55.230832+00:00 DEBUG 'ansible_navigator.main' After rollback: settings_sample = 'Not set' (Constants/Not set)
2025-12-16T03:34:55.230837+00:00 DEBUG 'ansible_navigator.main' After rollback: settings_schema = 'Not set' (Constants/Not set)
2025-12-16T03:34:55.230842+00:00 DEBUG 'ansible_navigator.main' After rollback: settings_sources = 'Not set' (Constants/Not set)
2025-12-16T03:34:55.230848+00:00 DEBUG 'ansible_navigator.main' After rollback: time_zone = 'Not set' (Constants/Not set)
2025-12-16T03:34:55.230853+00:00 DEBUG 'ansible_navigator.main' After rollback: workdir = 'Not set' (Constants/Not set)
2025-12-16T03:34:55.230858+00:00 DEBUG 'ansible_navigator.main' Configuration rollback complete.
2025-12-16T03:34:55.230864+00:00 DEBUG 'ansible_navigator.main' Collection doc cache not mounted
2025-12-16T03:34:55.230875+00:00 WARNING 'ansible_navigator.main' Issues were found while applying the settings.
2025-12-16T03:34:55.230882+00:00 INFO 'ansible_navigator.main' Command provided: 'run playbooks/test_collect_diagnostics_mock.yml --eei localhost/jumpstarter-ee:v1 --mode stdout --pae false --eev /Users/abenavid/Documents/code/ansible/jumpstarter-ansible/ansible_collections/jumpstarter/jumpstarter/roles/ansible_collections:/usr/share/ansible/collections/ansible_collections:Z -v'
2025-12-16T03:34:55.230889+00:00 ERROR 'ansible_navigator.main' The following execution-environment.volume-mounts entry could not be parsed: /Users/abenavid/Documents/code/ansible/jumpstarter-ansible/ansible_collections/jumpstarter/jumpstarter/roles/ansible_collections:/usr/share/ansible/collections/ansible_collections:Z (Command line). Errors were found: Source: '/Users/abenavid/Documents/code/ansible/jumpstarter-ansible/ansible_collections/jumpstarter/jumpstarter/roles/ansible_collections' does not exist.
2025-12-16T03:34:55.230896+00:00 INFO 'ansible_navigator.main' Try again with format <source-path>:<destination-path>:<options>'. Note: options is optional.
2025-12-16T03:34:55.230903+00:00 INFO 'ansible_navigator.main' Configuration failed, using default log file location. (/Users/abenavid/Documents/code/ansible/jumpstarter-ansible/ansible_collections/jumpstarter/jumpstarter/roles/ansible-navigator.log) Log level set to debug
2025-12-16T03:34:55.230909+00:00 INFO 'ansible_navigator.main' Review the hints and log file to see what went wrong.
